details.

FAILURE: Build failed with an exception.

* What went wrong:
Execution failed for task ':gradle:compileGroovy'.
> BUG! exception in phase 'semantic analysis' in source unit '/Users/dell/Development/flutter/packages/flutter_tools/gradle/src/main/groovy/app_plugin_loader.groovy' Unsupported class file major version 65

* Try:
> Run with --stacktrace option to get the stack trace.
> Run with --info or --debug option to get more log output.
> Run with --scan to get full insights.

* Get more help at https://help.gradle.org

BUILD FAILED in 2m 35s
Running Gradle task 'assembleDebug'...                            156.7s

┌─ Flutter Fix ───────────────────────────────────────────────────────────┐
│ [!] Your project's Gradle version is incompatible with the Java version │
│ that Flutter is using for Gradle.                                       │
│                                                                         │
│ If you recently upgraded Android Studio, consult the migration guide at │
│ https://flutter.dev/to/java-gradle-incompatibility.                     │
│                                                                         │
│ Otherwise, to fix this issue, first, check the Java version used by     │
│ Flutter by running `flutter doctor --verbose`.                          │
│                                                                         │
│ Then, update the Gradle version specified in                            │
│ /Users/dell/Development/daoob_mobile/android/gradle/wrapper/gradle-wrap │
│ per.properties to be compatible with that Java version. See the link    │
│ below for more information on compatible Java/Gradle versions:          │
│ https://docs.gradle.org/current/userguide/compatibility.html#java       │
│                                                                         │
│                                                                         │
└─────────────────────────────────────────────────────────────────────────┘
Gradle task assembleDebug failed with exit code 1
❌ Debug build failed. Please check the logs above for errors.
dell@MacBookAir daoob_mobile % flutter doctor --verbose
[✓] Flutter (Channel stable, 3.29.2, on macOS 15.4 24E248 darwin-arm64,
    locale en-US) [1,555ms]
    • Flutter version 3.29.2 on channel stable at
      /Users/dell/Development/flutter
    • Upstream repository https://github.com/flutter/flutter.git
    • Framework revision c236373904 (7 weeks ago), 2025-03-13 16:17:06
      -0400
    • Engine revision 18b71d647a
    • Dart version 3.7.2
    • DevTools version 2.42.3

[✓] Android toolchain - develop for Android devices (Android SDK version
    35.0.1) [1,875ms]
    • Android SDK at /Users/dell/Library/Android/sdk
    • Platform android-35, build-tools 35.0.1
    • Java binary at: /Applications/Android
      Studio.app/Contents/jbr/Contents/Home/bin/java
      This is the JDK bundled with the latest Android Studio installation
      on this machine.
      To manually set the JDK path, use: `flutter config
      --jdk-dir="path/to/jdk"`.
    • Java version OpenJDK Runtime Environment (build
      21.0.5+-13047016-b750.29)
    • All Android licenses accepted.

[✓] Xcode - develop for iOS and macOS (Xcode 16.3) [1,487ms]
    • Xcode at /Applications/Xcode.app/Contents/Developer
    • Build 16E140
    • CocoaPods version 1.16.2

[✓] Chrome - develop for the web [14ms]
    • Chrome at /Applications/Google Chrome.app/Contents/MacOS/Google
      Chrome

[✓] Android Studio (version 2024.3) [13ms]
    • Android Studio at /Applications/Android Studio.app/Contents
    • Flutter plugin can be installed from:
      🔨 https://plugins.jetbrains.com/plugin/9212-flutter
    • Dart plugin can be installed from:
      🔨 https://plugins.jetbrains.com/plugin/6351-dart
    • Java version OpenJDK Runtime Environment (build
      21.0.5+-13047016-b750.29)

[✓] VS Code (version 1.99.2) [12ms]
    • VS Code at /Users/dell/Downloads/Visual Studio Code.app/Contents
    • Flutter extension version 3.110.0

[✓] Connected device (4 available) [7.2s]
    • iPhone 16 Pro Max (mobile)      •
      76EAE5F3-9131-44E6-B853-5CFA4D6EF3D7 • ios            •
      com.apple.CoreSimulator.SimRuntime.iOS-18-4 (simulator)
    • macOS (desktop)                 • macos
      • darwin-arm64   • macOS 15.4 24E248 darwin-arm64
    • Mac Designed for iPad (desktop) • mac-designed-for-ipad
      • darwin         • macOS 15.4 24E248 darwin-arm64
    • Chrome (web)                    • chrome
      • web-javascript • Google Chrome 136.0.7103.48
    ! Error: Browsing on the local area network for ‏iPhone ‏Abdulaziz.
      Ensure the device is unlocked and attached with a cable or associated
      with the same local area network as this Mac.
      The device must be opted into Developer Mode to connect wirelessly.
      (code -27)

[✓] Network resources [1,236ms]
    • All expected network resources are available.

• No issues found!
dell@MacBookAir daoob_mobile % 