
Running Gradle task 'assembleRelease'...                  
e: Daemon compilation failed: null
Running Gradle task 'assembleRelease'...                  
java.lang.Exception
Running Gradle task 'assembleRelease'...                  
        at org.jetbrains.kotlin.daemon.common.CompileService$CallResult$Error.get(CompileService.kt:69)
Running Gradle task 'assembleRelease'...                  
        at org.jetbrains.kotlin.daemon.common.CompileService$CallResult$Error.get(CompileService.kt:65)
Running Gradle task 'assembleRelease'...                  
        at org.jetbrains.kotlin.compilerRunner.GradleKotlinCompilerWork.compileWithDaemon(GradleKotlinCompilerWork.kt:244)
Running Gradle task 'assembleRelease'...                  
        at org.jetbrains.kotlin.compilerRunner.GradleKotlinCompilerWork.compileWithDaemonOrFallbackImpl(GradleKotlinCompilerWork.kt:175)
Running Gradle task 'assembleRelease'...                  
        at org.jetbrains.kotlin.compilerRunner.GradleKotlinCompilerWork.run(GradleKotlinCompilerWork.kt:135)
Running Gradle task 'assembleRelease'...                  
        at org.jetbrains.kotlin.compilerRunner.GradleCompilerRunnerWithWorkers$GradleKotlinCompilerWorkAction.execute(GradleCompilerRunnerWithWorkers.kt:73)
Running Gradle task 'assembleRelease'...                  
        at org.gradle.workers.internal.DefaultWorkerServer.execute(DefaultWorkerServer.java:63)
Running Gradle task 'assembleRelease'...                  
        at org.gradle.workers.internal.NoIsolationWorkerFactory$1$1.create(NoIsolationWorkerFactory.java:66)
Running Gradle task 'assembleRelease'...                  
        at org.gradle.workers.internal.NoIsolationWorkerFactory$1$1.create(NoIsolationWorkerFactory.java:62)
Running Gradle task 'assembleRelease'...                  
        at org.gradle.internal.classloader.ClassLoaderUtils.executeInClassloader(ClassLoaderUtils.java:100)
Running Gradle task 'assembleRelease'...                  
        at org.gradle.workers.internal.NoIsolationWorkerFactory$1.lambda$execute$0(NoIsolationWorkerFactory.java:62)
Running Gradle task 'assembleRelease'...                  
        at org.gradle.workers.internal.AbstractWorker$1.call(AbstractWorker.java:44)
Running Gradle task 'assembleRelease'...                  
        at org.gradle.workers.internal.AbstractWorker$1.call(AbstractWorker.java:41)
Running Gradle task 'assembleRelease'...                  
        at org.gradle.internal.operations.DefaultBuildOperationRunner$CallableBuildOperationWorker.execute(DefaultBuildOperationRunner.java:204)
Running Gradle task 'assembleRelease'...                  
        at org.gradle.internal.operations.DefaultBuildOperationRunner$CallableBuildOperationWorker.execute(DefaultBuildOperationRunner.java:199)
Running Gradle task 'assembleRelease'...                  
        at org.gradle.internal.operations.DefaultBuildOperationRunner$2.execute(DefaultBuildOperationRunner.java:66)
Running Gradle task 'assembleRelease'...                  
        at org.gradle.internal.operations.DefaultBuildOperationRunner$2.execute(DefaultBuildOperationRunner.java:59)
Running Gradle task 'assembleRelease'...                  
        at org.gradle.internal.operations.DefaultBuildOperationRunner.execute(DefaultBuildOperationRunner.java:157)
Running Gradle task 'assembleRelease'...                  
        at org.gradle.internal.operations.DefaultBuildOperationRunner.execute(DefaultBuildOperationRunner.java:59)
Running Gradle task 'assembleRelease'...                  
        at org.gradle.internal.operations.DefaultBuildOperationRunner.call(DefaultBuildOperationRunner.java:53)
Running Gradle task 'assembleRelease'...                  
        at org.gradle.internal.operations.DefaultBuildOperationExecutor.call(DefaultBuildOperationExecutor.java:73)
Running Gradle task 'assembleRelease'...                  
        at org.gradle.workers.internal.AbstractWorker.executeWrappedInBuildOperation(AbstractWorker.java:41)
Running Gradle task 'assembleRelease'...                  
        at org.gradle.workers.internal.NoIsolationWorkerFactory$1.execute(NoIsolationWorkerFactory.java:59)
Running Gradle task 'assembleRelease'...                  
        at org.gradle.workers.internal.DefaultWorkerExecutor.lambda$submitWork$0(DefaultWorkerExecutor.java:170)
Running Gradle task 'assembleRelease'...                  
        at java.base/java.util.concurrent.FutureTask.run(Unknown Source)
Running Gradle task 'assembleRelease'...                  
        at org.gradle.internal.work.DefaultConditionalExecutionQueue$ExecutionRunner.runExecution(DefaultConditionalExecutionQueue.java:187)
Running Gradle task 'assembleRelease'...                  
        at org.gradle.internal.work.DefaultConditionalExecutionQueue$ExecutionRunner.access$700(DefaultConditionalExecutionQueue.java:120)
Running Gradle task 'assembleRelease'...                  
        at org.gradle.internal.work.DefaultConditionalExecutionQueue$ExecutionRunner$1.run(DefaultConditionalExecutionQueue.java:162)
Running Gradle task 'assembleRelease'...                  
        at org.gradle.internal.Factories$1.create(Factories.java:31)
Running Gradle task 'assembleRelease'...                  
        at org.gradle.internal.work.DefaultWorkerLeaseService.withLocks(DefaultWorkerLeaseService.java:249)
Running Gradle task 'assembleRelease'...                  
        at org.gradle.internal.work.DefaultWorkerLeaseService.runAsWorkerThread(DefaultWorkerLeaseService.java:109)
Running Gradle task 'assembleRelease'...                  
        at org.gradle.internal.work.DefaultWorkerLeaseService.runAsWorkerThread(DefaultWorkerLeaseService.java:114)
Running Gradle task 'assembleRelease'...                  
        at org.gradle.internal.work.DefaultConditionalExecutionQueue$ExecutionRunner.runBatch(DefaultConditionalExecutionQueue.java:157)
Running Gradle task 'assembleRelease'...                  
        at org.gradle.internal.work.DefaultConditionalExecutionQueue$ExecutionRunner.run(DefaultConditionalExecutionQueue.java:126)
Running Gradle task 'assembleRelease'...                  
        at java.base/java.util.concurrent.Executors$RunnableAdapter.call(Unknown Source)
Running Gradle task 'assembleRelease'...                  
        at java.base/java.util.concurrent.FutureTask.run(Unknown Source)
Running Gradle task 'assembleRelease'...                  
        at org.gradle.internal.concurrent.ExecutorPolicy$CatchAndRecordFailures.onExecute(ExecutorPolicy.java:64)
Running Gradle task 'assembleRelease'...                  
        at org.gradle.internal.concurrent.AbstractManagedExecutor$1.run(AbstractManagedExecutor.java:47)
Running Gradle task 'assembleRelease'...                  
        at java.base/java.util.concurrent.ThreadPoolExecutor.runWorker(Unknown Source)
Running Gradle task 'assembleRelease'...                  
        at java.base/java.util.concurrent.ThreadPoolExecutor$Worker.run(Unknown Source)
Running Gradle task 'assembleRelease'...                  
        at java.base/java.lang.Thread.run(Unknown Source)
Running Gradle task 'assembleRelease'...                  
Caused by: java.lang.AssertionError: storage size = 0, file size = 0
Running Gradle task 'assembleRelease'...                  
        at org.jetbrains.kotlin.com.intellij.openapi.diagnostic.DefaultLogger.error(DefaultLogger.java:54)
Running Gradle task 'assembleRelease'...                  
        at org.jetbrains.kotlin.com.intellij.openapi.diagnostic.Logger.error(Logger.java:204)
Running Gradle task 'assembleRelease'...                  
        at org.jetbrains.kotlin.com.intellij.util.io.ResizeableMappedFile.readLength(ResizeableMappedFile.java:199)
Running Gradle task 'assembleRelease'...                  
        at org.jetbrains.kotlin.com.intellij.util.io.ResizeableMappedFile.<init>(ResizeableMappedFile.java:69)
Running Gradle task 'assembleRelease'...                  
        at org.jetbrains.kotlin.com.intellij.util.io.PersistentBTreeEnumerator.<init>(PersistentBTreeEnumerator.java:93)
Running Gradle task 'assembleRelease'...                  
        at org.jetbrains.kotlin.com.intellij.util.io.PersistentEnumerator.createDefaultEnumerator(PersistentEnumerator.java:66)
Running Gradle task 'assembleRelease'...                  
        at org.jetbrains.kotlin.com.intellij.util.io.PersistentMapImpl.<init>(PersistentMapImpl.java:136)
Running Gradle task 'assembleRelease'...                  
        at org.jetbrains.kotlin.com.intellij.util.io.PersistentMapBuilder.buildImplementation(PersistentMapBuilder.java:62)
Running Gradle task 'assembleRelease'...                  
        at org.jetbrains.kotlin.com.intellij.util.io.PersistentMapBuilder.build(PersistentMapBuilder.java:44)
Running Gradle task 'assembleRelease'...                  
        at org.jetbrains.kotlin.com.intellij.util.io.PersistentHashMap.<init>(PersistentHashMap.java:39)
Running Gradle task 'assembleRelease'...                  
        at org.jetbrains.kotlin.com.intellij.util.io.PersistentHashMap.<init>(PersistentHashMap.java:54)
Running Gradle task 'assembleRelease'...                  
        at org.jetbrains.kotlin.incremental.storage.CachingLazyStorage.createMap(CachingLazyStorage.kt:128)
Running Gradle task 'assembleRelease'...                  
        at org.jetbrains.kotlin.incremental.storage.CachingLazyStorage.getStorageOrCreateNew(CachingLazyStorage.kt:57)
Running Gradle task 'assembleRelease'...                  
        at org.jetbrains.kotlin.incremental.storage.CachingLazyStorage.set(CachingLazyStorage.kt:78)
Running Gradle task 'assembleRelease'...                  
        at org.jetbrains.kotlin.incremental.storage.IdToFileMap.set(IdToFileMap.kt:37)
Running Gradle task 'assembleRelease'...                  
        at org.jetbrains.kotlin.incremental.LookupStorage.addFileIfNeeded(LookupStorage.kt:165)
Running Gradle task 'assembleRelease'...                  
        at org.jetbrains.kotlin.incremental.LookupStorage.access$addFileIfNeeded(LookupStorage.kt:33)
Running Gradle task 'assembleRelease'...                  
        at org.jetbrains.kotlin.incremental.LookupStorage$addAll$pathToId$1.invoke(LookupStorage.kt:117)
Running Gradle task 'assembleRelease'...                  
        at org.jetbrains.kotlin.incremental.LookupStorage$addAll$pathToId$1.invoke(LookupStorage.kt:117)
Running Gradle task 'assembleRelease'...                  
        at org.jetbrains.kotlin.utils.CollectionsKt.keysToMap(collections.kt:114)
Running Gradle task 'assembleRelease'...                  
        at org.jetbrains.kotlin.incremental.LookupStorage.addAll(LookupStorage.kt:117)
Running Gradle task 'assembleRelease'...                  
        at org.jetbrains.kotlin.incremental.BuildUtilKt.update(buildUtil.kt:134)
Running Gradle task 'assembleRelease'...                  
        at org.jetbrains.kotlin.incremental.IncrementalCompilerRunner.doCompile(IncrementalCompilerRunner.kt:516)
Running Gradle task 'assembleRelease'...                  
        at org.jetbrains.kotlin.incremental.IncrementalCompilerRunner.compileImpl(IncrementalCompilerRunner.kt:400)
Running Gradle task 'assembleRelease'...                  
        at org.jetbrains.kotlin.incremental.IncrementalCompilerRunner.compileNonIncrementally(IncrementalCompilerRunner.kt:281)
Running Gradle task 'assembleRelease'...                  
        at org.jetbrains.kotlin.incremental.IncrementalCompilerRunner.compile(IncrementalCompilerRunner.kt:125)
Running Gradle task 'assembleRelease'...                  
        at org.jetbrains.kotlin.daemon.CompileServiceImplBase.execIncrementalCompiler(CompileServiceImpl.kt:657)
Running Gradle task 'assembleRelease'...                  
        at org.jetbrains.kotlin.daemon.CompileServiceImplBase.access$execIncrementalCompiler(CompileServiceImpl.kt:105)
Running Gradle task 'assembleRelease'...                  
        at org.jetbrains.kotlin.daemon.CompileServiceImpl.compile(CompileServiceImpl.kt:1624)
Running Gradle task 'assembleRelease'...                  
        at java.base/jdk.internal.reflect.DirectMethodHandleAccessor.invoke(Unknown Source)
Running Gradle task 'assembleRelease'...                  
        at java.base/java.lang.reflect.Method.invoke(Unknown Source)
Running Gradle task 'assembleRelease'...                  
        at java.rmi/sun.rmi.server.UnicastServerRef.dispatch(Unknown Source)
Running Gradle task 'assembleRelease'...                  
        at java.rmi/sun.rmi.transport.Transport$1.run(Unknown Source)
Running Gradle task 'assembleRelease'...                  
        at java.rmi/sun.rmi.transport.Transport$1.run(Unknown Source)
Running Gradle task 'assembleRelease'...                  
        at java.base/java.security.AccessController.doPrivileged(Unknown Source)
Running Gradle task 'assembleRelease'...                  
        at java.rmi/sun.rmi.transport.Transport.serviceCall(Unknown Source)
Running Gradle task 'assembleRelease'...                  
        at java.rmi/sun.rmi.transport.tcp.TCPTransport.handleMessages(Unknown Source)
Running Gradle task 'assembleRelease'...                  
        at java.rmi/sun.rmi.transport.tcp.TCPTransport$ConnectionHandler.run0(Unknown Source)
Running Gradle task 'assembleRelease'...                  
        at java.rmi/sun.rmi.transport.tcp.TCPTransport$ConnectionHandler.lambda$run$0(Unknown Source)
Running Gradle task 'assembleRelease'...                  
        at java.base/java.security.AccessController.doPrivileged(Unknown Source)
Running Gradle task 'assembleRelease'...                  
        at java.rmi/sun.rmi.transport.tcp.TCPTransport$ConnectionHandler.run(Unknown Source)
Running Gradle task 'assembleRelease'...                  
        ... 3 more
Running Gradle task 'assembleRelease'...                  
Caused by: java.io.EOFException
Running Gradle task 'assembleRelease'...                  
        at java.base/java.io.DataInputStream.readFully(Unknown Source)
Running Gradle task 'assembleRelease'...                  
        at java.base/java.io.DataInputStream.readLong(Unknown Source)
Running Gradle task 'assembleRelease'...                  
        at org.jetbrains.kotlin.com.intellij.util.io.ResizeableMappedFile.readLength(ResizeableMappedFile.java:194)
Running Gradle task 'assembleRelease'...                  
        ... 41 more
Running Gradle task 'assembleRelease'...                  

Running Gradle task 'assembleRelease'...                  
exception: warning: ATTENTION!
Running Gradle task 'assembleRelease'...                  
exception: this build uses unsafe internal compiler arguments:
Running Gradle task 'assembleRelease'...                  
exception: 
Running Gradle task 'assembleRelease'...                  
exception: 
Running Gradle task 'assembleRelease'...                  
exception: this mode is not recommended for production use,
Running Gradle task 'assembleRelease'...                  
exception: as no stability/compatibility guarantees are given on
Running Gradle task 'assembleRelease'...                  
exception: compiler or generated code. Use it at your own risk!
Running Gradle task 'assembleRelease'...                  
exception: 
Running Gradle task 'assembleRelease'...                  
startup failed:
Running Gradle task 'assembleRelease'...                  
/Users/dell/Development/flutter/packages/flutter_tools/gradle/src/main/groovy/flutter.groovy: 7: unable to resolve class com.flutter.gradle.BaseApplicationNameHandler
Running Gradle task 'assembleRelease'...                  
 @ line 7, column 1.
Running Gradle task 'assembleRelease'...                  
   import com.flutter.gradle.BaseApplicationNameHandler
Running Gradle task 'assembleRelease'...                  
   ^
Running Gradle task 'assembleRelease'...                  

Running Gradle task 'assembleRelease'...                  
1 error
Running Gradle task 'assembleRelease'...                  

Running Gradle task 'assembleRelease'...                  

Running Gradle task 'assembleRelease'...                  
FAILURE: Build failed with an exception.
Running Gradle task 'assembleRelease'...                  

Running Gradle task 'assembleRelease'...                  
* What went wrong:
Running Gradle task 'assembleRelease'...                  
Execution failed for task ':gradle:compileGroovy'.
Running Gradle task 'assembleRelease'...                  
> Compilation failed; see the compiler error output for details.
Running Gradle task 'assembleRelease'...                  

Running Gradle task 'assembleRelease'...                  
* Try:
Running Gradle task 'assembleRelease'...                  
> Run with --info option to get more log output.
Running Gradle task 'assembleRelease'...                  
> Run with --scan to get full insights.
Running Gradle task 'assembleRelease'...                  

Running Gradle task 'assembleRelease'...                  
BUILD FAILED in 1m 30s
Running Gradle task 'assembleRelease'...                           91.2s
Gradle task assembleRelease failed with exit code 1
dell@MacBookAir daoob_mobile % 