
FAILURE: Build failed with an exception.

* What went wrong:
Execution failed for task ':gradle:compileGroovy'.
> BUG! exception in phase 'semantic analysis' in source unit '/Users/dell/Development/flutter/packages/flutter_tools/gradle/src/main/groovy/app_plugin_loader.groovy' Unsupported class file major version 65

* Try:
> Run with --stacktrace option to get the stack trace.
> Run with --info or --debug option to get more log output.
> Run with --scan to get full insights.

* Get more help at https://help.gradle.org

BUILD FAILED in 10s
Running Gradle task 'assembleDebug'...                             11.2s

┌─ Flutter Fix ───────────────────────────────────────────────────────────┐
│ [!] Your project's Gradle version is incompatible with the Java version │
│ that Flutter is using for Gradle.                                       │
│                                                                         │
│ If you recently upgraded Android Studio, consult the migration guide at │
│ https://flutter.dev/to/java-gradle-incompatibility.                     │
│                                                                         │
│ Otherwise, to fix this issue, first, check the Java version used by     │
│ Flutter by running `flutter doctor --verbose`.                          │
│                                                                         │
│ Then, update the Gradle version specified in                            │
│ /Users/dell/Development/daoob_mobile/android/gradle/wrapper/gradle-wrap │
│ per.properties to be compatible with that Java version. See the link    │
│ below for more information on compatible Java/Gradle versions:          │
│ https://docs.gradle.org/current/userguide/compatibility.html#java       │
│                                                                         │
│                                                                         │
└─────────────────────────────────────────────────────────────────────────┘
Gradle task assembleDebug failed with exit code 1
❌ Debug build failed. Please check the logs above for errors.
dell@MacBookAir daoob_mobile % 